This is pdfTeX, Version 3.14159265-2.6-1.40.16 (TeX Live 2015) (preloaded format=pdflatex 2015.12.13)  14 DEC 2016 20:43
entering extended mode
 restricted \write18 enabled.
 file:line:error style messages enabled.
 %&-line parsing enabled.
**2-lezione.tex
(./2-lezione.tex
LaTeX2e <2015/01/01>
Babel <3.9l> and hyphenation patterns for 79 languages loaded.
(./llncs.cls
Document Class: llncs 2004/08/17 v2.14 
 LaTeX document class for Lecture Notes in Computer Science
(/usr/local/texlive/2015/texmf-dist/tex/latex/base/article.cls
Document Class: article 2014/09/29 v1.4h Standard LaTeX document class
(/usr/local/texlive/2015/texmf-dist/tex/latex/base/size10.clo
File: size10.clo 2014/09/29 v1.4h Standard LaTeX file (size option)
)
\c@part=\count79
\c@section=\count80
\c@subsection=\count81
\c@subsubsection=\count82
\c@paragraph=\count83
\c@subparagraph=\count84
\c@figure=\count85
\c@table=\count86
\abovecaptionskip=\skip41
\belowcaptionskip=\skip42
\bibindent=\dimen102
)
(/usr/local/texlive/2015/texmf-dist/tex/latex/tools/multicol.sty
Package: multicol 2015/03/31 v1.8m multicolumn formatting (FMi)
\c@tracingmulticols=\count87
\mult@box=\box26
\multicol@leftmargin=\dimen103
\c@unbalance=\count88
\c@collectmore=\count89
\doublecol@number=\count90
\multicoltolerance=\count91
\multicolpretolerance=\count92
\full@width=\dimen104
\page@free=\dimen105
\premulticols=\dimen106
\postmulticols=\dimen107
\multicolsep=\skip43
\multicolbaselineskip=\skip44
\partial@page=\box27
\last@line=\box28
\maxbalancingoverflow=\dimen108
\mult@rightbox=\box29
\mult@grightbox=\box30
\mult@gfirstbox=\box31
\mult@firstbox=\box32
\@tempa=\box33
\@tempa=\box34
\@tempa=\box35
\@tempa=\box36
\@tempa=\box37
\@tempa=\box38
\@tempa=\box39
\@tempa=\box40
\@tempa=\box41
\@tempa=\box42
\@tempa=\box43
\@tempa=\box44
\@tempa=\box45
\@tempa=\box46
\@tempa=\box47
\@tempa=\box48
\@tempa=\box49
\c@columnbadness=\count93
\c@finalcolumnbadness=\count94
\last@try=\dimen109
\multicolovershoot=\dimen110
\multicolundershoot=\dimen111
\mult@nat@firstbox=\box50
\colbreak@box=\box51
\mc@col@check@num=\count95
)
\c@chapter=\count96
LaTeX Font Info:    Redeclaring math symbol \Gamma on input line 360.
LaTeX Font Info:    Redeclaring math symbol \Delta on input line 361.
LaTeX Font Info:    Redeclaring math symbol \Theta on input line 362.
LaTeX Font Info:    Redeclaring math symbol \Lambda on input line 363.
LaTeX Font Info:    Redeclaring math symbol \Xi on input line 364.
LaTeX Font Info:    Redeclaring math symbol \Pi on input line 365.
LaTeX Font Info:    Redeclaring math symbol \Sigma on input line 366.
LaTeX Font Info:    Redeclaring math symbol \Upsilon on input line 367.
LaTeX Font Info:    Redeclaring math symbol \Phi on input line 368.
LaTeX Font Info:    Redeclaring math symbol \Psi on input line 369.
LaTeX Font Info:    Redeclaring math symbol \Omega on input line 370.
\tocchpnum=\dimen112
\tocsecnum=\dimen113
\tocsectotal=\dimen114
\tocsubsecnum=\dimen115
\tocsubsectotal=\dimen116
\tocsubsubsecnum=\dimen117
\tocsubsubsectotal=\dimen118
\tocparanum=\dimen119
\tocparatotal=\dimen120
\tocsubparanum=\dimen121
\@tempcntc=\count97
\fnindent=\dimen122
\c@@inst=\count98
\c@@auth=\count99
\c@auco=\count100
\instindent=\dimen123
\authrun=\box52
\authorrunning=\toks14
\tocauthor=\toks15
\titrun=\box53
\titlerunning=\toks16
\toctitle=\toks17
\c@theorem=\count101
\c@case=\count102
\c@conjecture=\count103
\c@corollary=\count104
\c@definition=\count105
\c@example=\count106
\c@exercise=\count107
\c@lemma=\count108
\c@note=\count109
\c@problem=\count110
\c@property=\count111
\c@proposition=\count112
\c@question=\count113
\c@solution=\count114
\c@remark=\count115
\headlineindent=\dimen124
)
(/usr/local/texlive/2015/texmf-dist/tex/latex/amsfonts/amssymb.sty
Package: amssymb 2013/01/14 v3.01 AMS font symbols

(/usr/local/texlive/2015/texmf-dist/tex/latex/amsfonts/amsfonts.sty
Package: amsfonts 2013/01/14 v3.01 Basic AMSFonts support
\@emptytoks=\toks18
\symAMSa=\mathgroup4
\symAMSb=\mathgroup5
LaTeX Font Info:    Overwriting math alphabet `\mathfrak' in version `bold'
(Font)                  U/euf/m/n --> U/euf/b/n on input line 106.
))
(/usr/local/texlive/2015/texmf-dist/tex/latex/amsmath/amsmath.sty
Package: amsmath 2013/01/14 v2.14 AMS math features
\@mathmargin=\skip45

For additional information on amsmath, use the `?' option.
(/usr/local/texlive/2015/texmf-dist/tex/latex/amsmath/amstext.sty
Package: amstext 2000/06/29 v2.01

(/usr/local/texlive/2015/texmf-dist/tex/latex/amsmath/amsgen.sty
File: amsgen.sty 1999/11/30 v2.0
\@emptytoks=\toks19
\ex@=\dimen125
))
(/usr/local/texlive/2015/texmf-dist/tex/latex/amsmath/amsbsy.sty
Package: amsbsy 1999/11/29 v1.2d
\pmbraise@=\dimen126
)
(/usr/local/texlive/2015/texmf-dist/tex/latex/amsmath/amsopn.sty
Package: amsopn 1999/12/14 v2.01 operator names
)
\inf@bad=\count116
LaTeX Info: Redefining \frac on input line 210.
\uproot@=\count117
\leftroot@=\count118
LaTeX Info: Redefining \overline on input line 306.
\classnum@=\count119
\DOTSCASE@=\count120
LaTeX Info: Redefining \ldots on input line 378.
LaTeX Info: Redefining \dots on input line 381.
LaTeX Info: Redefining \cdots on input line 466.
\Mathstrutbox@=\box54
\strutbox@=\box55
\big@size=\dimen127
LaTeX Font Info:    Redeclaring font encoding OML on input line 566.
LaTeX Font Info:    Redeclaring font encoding OMS on input line 567.
\macc@depth=\count121
\c@MaxMatrixCols=\count122
\dotsspace@=\muskip10
\c@parentequation=\count123
\dspbrk@lvl=\count124
\tag@help=\toks20
\row@=\count125
\column@=\count126
\maxfields@=\count127
\andhelp@=\toks21
\eqnshift@=\dimen128
\alignsep@=\dimen129
\tagshift@=\dimen130
\tagwidth@=\dimen131
\totwidth@=\dimen132
\lineht@=\dimen133
\@envbody=\toks22
\multlinegap=\skip46
\multlinetaggap=\skip47
\mathdisplay@stack=\toks23
LaTeX Info: Redefining \[ on input line 2665.
LaTeX Info: Redefining \] on input line 2666.
)
(/usr/local/texlive/2015/texmf-dist/tex/latex/jknapltx/mathrsfs.sty
Package: mathrsfs 1996/01/01 Math RSFS package v1.0 (jk)
\symrsfs=\mathgroup6
)
(/usr/local/texlive/2015/texmf-dist/tex/latex/stmaryrd/stmaryrd.sty
Package: stmaryrd 1994/03/03 St Mary's Road symbol package
\symstmry=\mathgroup7
LaTeX Font Info:    Overwriting symbol font `stmry' in version `bold'
(Font)                  U/stmry/m/n --> U/stmry/b/n on input line 89.
)
(/usr/local/texlive/2015/texmf-dist/tex/latex/enumitem/enumitem.sty
Package: enumitem 2011/09/28 v3.5.2 Customized lists
\enitkv@toks@=\toks24
\labelindent=\skip48
\enit@outerparindent=\dimen134
\enit@toks=\toks25
\enit@inbox=\box56
\enitdp@description=\count128
)
(/usr/local/texlive/2015/texmf-dist/tex/latex/graphics/color.sty
Package: color 2014/10/28 v1.1a Standard LaTeX Color (DPC)

(/usr/local/texlive/2015/texmf-dist/tex/latex/latexconfig/color.cfg
File: color.cfg 2007/01/18 v1.5 color configuration of teTeX/TeXLive
)
Package color Info: Driver file: pdftex.def on input line 142.

(/usr/local/texlive/2015/texmf-dist/tex/latex/pdftex-def/pdftex.def
File: pdftex.def 2011/05/27 v0.06d Graphics/color for pdfTeX

(/usr/local/texlive/2015/texmf-dist/tex/generic/oberdiek/infwarerr.sty
Package: infwarerr 2010/04/08 v1.3 Providing info/warning/error messages (HO)
)
(/usr/local/texlive/2015/texmf-dist/tex/generic/oberdiek/ltxcmds.sty
Package: ltxcmds 2011/11/09 v1.22 LaTeX kernel commands for general use (HO)
)
\Gread@gobject=\count129
))
(/usr/local/texlive/2015/texmf-dist/tex/latex/graphics/graphicx.sty
Package: graphicx 2014/10/28 v1.0g Enhanced LaTeX Graphics (DPC,SPQR)

(/usr/local/texlive/2015/texmf-dist/tex/latex/graphics/keyval.sty
Package: keyval 2014/10/28 v1.15 key=value parser (DPC)
\KV@toks@=\toks26
)
(/usr/local/texlive/2015/texmf-dist/tex/latex/graphics/graphics.sty
Package: graphics 2014/10/28 v1.0p Standard LaTeX Graphics (DPC,SPQR)

(/usr/local/texlive/2015/texmf-dist/tex/latex/graphics/trig.sty
Package: trig 1999/03/16 v1.09 sin cos tan (DPC)
)
(/usr/local/texlive/2015/texmf-dist/tex/latex/latexconfig/graphics.cfg
File: graphics.cfg 2010/04/23 v1.9 graphics configuration of TeX Live
)
Package graphics Info: Driver file: pdftex.def on input line 94.
)
\Gin@req@height=\dimen135
\Gin@req@width=\dimen136
)
(/usr/local/texlive/2015/texmf-dist/tex/latex/rotating/rotating.sty
Package: rotating 2009/03/28 v2.16a rotated objects in LaTeX

(/usr/local/texlive/2015/texmf-dist/tex/latex/base/ifthen.sty
Package: ifthen 2014/09/29 v1.1c Standard LaTeX ifthen package (DPC)
)
\c@r@tfl@t=\count130
\rotFPtop=\skip49
\rotFPbot=\skip50
\rot@float@box=\box57
\rot@mess@toks=\toks27
)
(/usr/local/texlive/2015/texmf-dist/tex/latex/was/upgreek.sty
Package: upgreek 2003/02/12 v2.0 (WaS)
Package upgreek Info: Using Euler Roman for upright Greek on input line 31.
\symugrf@m=\mathgroup8
LaTeX Font Info:    Overwriting symbol font `ugrf@m' in version `bold'
(Font)                  U/eur/m/n --> U/eur/b/n on input line 38.
)
(/usr/local/texlive/2015/texmf-dist/tex/latex/cmll/cmll.sty
Package: cmll 2010/04/20 Linear Logic symbols for Computer Modern
\symllsymbols=\mathgroup9
LaTeX Font Info:    Overwriting symbol font `llsymbols' in version `bold'
(Font)                  U/cmllr/m/n --> U/cmllr/bx/n on input line 49.
)
(/usr/local/texlive/2015/texmf-dist/tex/latex/url/url.sty
\Urlmuskip=\muskip11
Package: url 2013/09/16  ver 3.4  Verb mode for urls, etc.
)
(/usr/local/texlive/2015/texmf-dist/tex/latex/xifthen/xifthen.sty
Package: xifthen 2009/04/17 v1.3 Extended ifthen features

(/usr/local/texlive/2015/texmf-dist/tex/latex/etex-pkg/etex.sty
Package: etex 2015/03/02 v2.1 eTeX basic definition package (PEB,DPC)
\et@xins=\count131
)
(/usr/local/texlive/2015/texmf-dist/tex/latex/tools/calc.sty
Package: calc 2014/10/28 v4.3 Infix arithmetic (KKT,FJ)
\calc@Acount=\count132
\calc@Bcount=\count133
\calc@Adimen=\dimen137
\calc@Bdimen=\dimen138
\calc@Askip=\skip51
\calc@Bskip=\skip52
LaTeX Info: Redefining \setlength on input line 80.
LaTeX Info: Redefining \addtolength on input line 81.
\calc@Ccount=\count134
\calc@Cskip=\skip53
)
(/usr/local/texlive/2015/texmf-dist/tex/latex/ifmtarg/ifmtarg.sty
Package: ifmtarg 2009/09/02 v1.2a check for an empty argument
))
(/usr/local/texlive/2015/texmf-dist/tex/latex/multirow/multirow.sty
\bigstrutjot=\dimen139
)
(./prooftree.sty <Paul Taylor's Proof Trees, 2 August 1996>
\proofrulebreadth=\dimen140
\proofdotseparation=\dimen141
\proofrulebaseline=\dimen142
\proofdotnumber=\count135
\shortenproofleft=\dimen143
\shortenproofright=\dimen144
\proofbelowshift=\dimen145
\proofabove=\box58
\proofbelow=\box59
\proofrulename=\box60
)
(/usr/local/texlive/2015/texmf-dist/tex/generic/xypic/xy.tex Bootstrap'ing:
catcodes, docmode,
(/usr/local/texlive/2015/texmf-dist/tex/generic/xypic/xyrecat.tex)
(/usr/local/texlive/2015/texmf-dist/tex/generic/xypic/xyidioms.tex)

 Xy-pic version 3.8.9 <2013/10/06>
 Copyright (c) 1991-2013 by Kristoffer H. Rose <krisrose@tug.org> and others
 Xy-pic is free software: see the User's Guide for details.

Loading kernel: messages; fonts; allocations: state,
\X@c=\dimen146
\Y@c=\dimen147
\U@c=\dimen148
\D@c=\dimen149
\L@c=\dimen150
\R@c=\dimen151
\Edge@c=\toks28
\X@p=\dimen152
\Y@p=\dimen153
\U@p=\dimen154
\D@p=\dimen155
\L@p=\dimen156
\R@p=\dimen157
\Edge@p=\toks29
\X@origin=\dimen158
\Y@origin=\dimen159
\X@xbase=\dimen160
\Y@xbase=\dimen161
\X@ybase=\dimen162
\Y@ybase=\dimen163
\X@min=\dimen164
\Y@min=\dimen165
\X@max=\dimen166
\Y@max=\dimen167
\lastobjectbox@=\box61
\zerodotbox@=\box62
\almostz@=\dimen168
 direction,
\d@X=\dimen169
\d@Y=\dimen170
\K@=\count136
\KK@=\count137
\Direction=\count138
\K@dXdY=\dimen171
\K@dYdX=\dimen172
\xyread@=\read1
\xywrite@=\write3
\csp@=\count139
\quotPTK@=\dimen173

utility macros; pictures: \xy, positions,
\swaptoks@@=\toks30
\connectobjectbox@@=\box63
 objects,
\styletoks@=\toks31
 decorations;
kernel objects: directionals, circles, text; options; algorithms: directions,
edges, connections;  Xy-pic loaded)
(/usr/local/texlive/2015/texmf-dist/tex/generic/xypic/xyall.tex
 Xy-pic option: All features v.3.8
(/usr/local/texlive/2015/texmf-dist/tex/generic/xypic/xycurve.tex
 Xy-pic option: Curve and Spline extension v.3.12 curve,
\crv@cnt@=\count140
\crvpts@=\toks32
\splinebox@=\box64
\splineval@=\dimen174
\splinedepth@=\dimen175
\splinetol@=\dimen176
\splinelength@=\dimen177
 circles,
\L@=\dimen178
 loaded)
(/usr/local/texlive/2015/texmf-dist/tex/generic/xypic/xyframe.tex
 Xy-pic option: Frame and Bracket extension v.3.14 loaded)
(/usr/local/texlive/2015/texmf-dist/tex/generic/xypic/xycmtip.tex
 Xy-pic option: Computer Modern tip extension v.3.7
(/usr/local/texlive/2015/texmf-dist/tex/generic/xypic/xytips.tex
 Xy-pic option: More Tips extension v.3.11 loaded) loaded)
(/usr/local/texlive/2015/texmf-dist/tex/generic/xypic/xyline.tex
 Xy-pic option: Line styles extension v.3.10
\xylinethick@=\dimen179
 loaded)
(/usr/local/texlive/2015/texmf-dist/tex/generic/xypic/xyrotate.tex
 Xy-pic option: Rotate and Scale extension v.3.8 loaded)
(/usr/local/texlive/2015/texmf-dist/tex/generic/xypic/xycolor.tex
 Xy-pic option: Colour extension v.3.11 loaded)
(/usr/local/texlive/2015/texmf-dist/tex/generic/xypic/xymatrix.tex
 Xy-pic option: Matrix feature v.3.14
\Row=\count141
\Col=\count142
\queue@=\toks33
\queue@@=\toks34
\qcount@=\count143
\qcount@@=\count144
\matrixsize@=\count145
 loaded)
(/usr/local/texlive/2015/texmf-dist/tex/generic/xypic/xyarrow.tex
 Xy-pic option: Arrow and Path feature v.3.9 path, \ar, loaded)
(/usr/local/texlive/2015/texmf-dist/tex/generic/xypic/xygraph.tex
 Xy-pic option: Graph feature v.3.11 loaded) loaded)
\@indexfile=\write4
\openout4 = `2-lezione.idx'.


Writing index file 2-lezione.idx
No file 2-lezione.aux.
\openout1 = `2-lezione.aux'.

LaTeX Font Info:    Checking defaults for OML/cmm/m/it on input line 37.
LaTeX Font Info:    ... okay on input line 37.
LaTeX Font Info:    Checking defaults for T1/cmr/m/n on input line 37.
LaTeX Font Info:    ... okay on input line 37.
LaTeX Font Info:    Checking defaults for OT1/cmr/m/n on input line 37.
LaTeX Font Info:    ... okay on input line 37.
LaTeX Font Info:    Checking defaults for OMS/cmsy/m/n on input line 37.
LaTeX Font Info:    ... okay on input line 37.
LaTeX Font Info:    Checking defaults for OMX/cmex/m/n on input line 37.
LaTeX Font Info:    ... okay on input line 37.
LaTeX Font Info:    Checking defaults for U/cmr/m/n on input line 37.
LaTeX Font Info:    ... okay on input line 37.
(/usr/local/texlive/2015/texmf-dist/tex/context/base/supp-pdf.mkii
[Loading MPS to PDF converter (version 2006.09.02).]
\scratchcounter=\count146
\scratchdimen=\dimen180
\scratchbox=\box65
\nofMPsegments=\count147
\nofMParguments=\count148
\everyMPshowfont=\toks35
\MPscratchCnt=\count149
\MPscratchDim=\dimen181
\MPnumerator=\count150
\makeMPintoPDFobject=\count151
\everyMPtoPDFconversion=\toks36
) (/usr/local/texlive/2015/texmf-dist/tex/generic/oberdiek/pdftexcmds.sty
Package: pdftexcmds 2011/11/29 v0.20 Utility functions of pdfTeX for LuaTeX (HO
)

(/usr/local/texlive/2015/texmf-dist/tex/generic/oberdiek/ifluatex.sty
Package: ifluatex 2010/03/01 v1.3 Provides the ifluatex switch (HO)
Package ifluatex Info: LuaTeX not detected.
)
(/usr/local/texlive/2015/texmf-dist/tex/generic/oberdiek/ifpdf.sty
Package: ifpdf 2011/01/30 v2.3 Provides the ifpdf switch (HO)
Package ifpdf Info: pdfTeX in PDF mode is detected.
)
Package pdftexcmds Info: LuaTeX not detected.
Package pdftexcmds Info: \pdf@primitive is available.
Package pdftexcmds Info: \pdf@ifprimitive is available.
Package pdftexcmds Info: \pdfdraftmode found.
)
(/usr/local/texlive/2015/texmf-dist/tex/latex/oberdiek/epstopdf-base.sty
Package: epstopdf-base 2010/02/09 v2.5 Base part for package epstopdf

(/usr/local/texlive/2015/texmf-dist/tex/latex/oberdiek/grfext.sty
Package: grfext 2010/08/19 v1.1 Manage graphics extensions (HO)

(/usr/local/texlive/2015/texmf-dist/tex/generic/oberdiek/kvdefinekeys.sty
Package: kvdefinekeys 2011/04/07 v1.3 Define keys (HO)
))
(/usr/local/texlive/2015/texmf-dist/tex/latex/oberdiek/kvoptions.sty
Package: kvoptions 2011/06/30 v3.11 Key value format for package options (HO)

(/usr/local/texlive/2015/texmf-dist/tex/generic/oberdiek/kvsetkeys.sty
Package: kvsetkeys 2012/04/25 v1.16 Key value parser (HO)

(/usr/local/texlive/2015/texmf-dist/tex/generic/oberdiek/etexcmds.sty
Package: etexcmds 2011/02/16 v1.5 Avoid name clashes with e-TeX commands (HO)
Package etexcmds Info: Could not find \expanded.
(etexcmds)             That can mean that you are not using pdfTeX 1.50 or
(etexcmds)             that some package has redefined \expanded.
(etexcmds)             In the latter case, load this package earlier.
)))
Package grfext Info: Graphics extension search list:
(grfext)             [.png,.pdf,.jpg,.mps,.jpeg,.jbig2,.jb2,.PNG,.PDF,.JPG,.JPE
G,.JBIG2,.JB2,.eps]
(grfext)             \AppendGraphicsExtensions on input line 452.

(/usr/local/texlive/2015/texmf-dist/tex/latex/latexconfig/epstopdf-sys.cfg
File: epstopdf-sys.cfg 2010/07/13 v1.3 Configuration of (r)epstopdf for TeX Liv
e
))
(./macro.tex)
LaTeX Font Info:    Try loading font information for U+msa on input line 79.
 (/usr/local/texlive/2015/texmf-dist/tex/latex/amsfonts/umsa.fd
File: umsa.fd 2013/01/14 v3.01 AMS symbols A
)
LaTeX Font Info:    Try loading font information for U+msb on input line 79.

(/usr/local/texlive/2015/texmf-dist/tex/latex/amsfonts/umsb.fd
File: umsb.fd 2013/01/14 v3.01 AMS symbols B
)
LaTeX Font Info:    Try loading font information for U+rsfs on input line 79.

(/usr/local/texlive/2015/texmf-dist/tex/latex/jknapltx/ursfs.fd
File: ursfs.fd 1998/03/24 rsfs font definition file (jk)
)
LaTeX Font Info:    Try loading font information for U+stmry on input line 79.

(/usr/local/texlive/2015/texmf-dist/tex/latex/stmaryrd/Ustmry.fd)
LaTeX Font Info:    Try loading font information for U+cmllr on input line 79.

(/usr/local/texlive/2015/texmf-dist/tex/latex/cmll/ucmllr.fd)
Overfull \hbox (22.7801pt too wide) in paragraph at lines 101--103
[]\OT1/cmr/bx/n/10 (Funzione di tran-sizione es-tesa). []\OT1/cmr/m/it/10 Dato 
un DFA $\OMS/cmsy/m/n/10 A \OT1/cmr/m/n/10 = (\OML/cmm/m/it/10 Q; ^^F; ^^N; q[]
; F\OT1/cmr/m/n/10 )$
 []

[1


{/usr/local/texlive/2015/texmf-var/fonts/map/pdftex/updmap/pdftex.map}]

LaTeX Warning: Reference `def:trans-est' on page 2 undefined on input line 125.



LaTeX Warning: Reference `def:lang-acc' on page 2 undefined on input line 125.


Overfull \hbox (22.66345pt too wide) in paragraph at lines 127--129
[]\OT1/cmr/bx/n/10 (Funzione di tran-sizione es-tesa). []\OT1/cmr/m/it/10 Dato 
un NFA $\OMS/cmsy/m/n/10 A \OT1/cmr/m/n/10 = (\OML/cmm/m/it/10 Q; ^^F; ^^N; q[]
; F\OT1/cmr/m/n/10 )$
 []


LaTeX Warning: Reference `def:determiniz' on page 2 undefined on input line 154
.


LaTeX Warning: Reference `def:determiniz' on page 2 undefined on input line 158
.

[2]

LaTeX Warning: Reference `def:trans-est2' on page 3 undefined on input line 164
.


LaTeX Warning: Reference `def:determiniz' on page 3 undefined on input line 165
.


LaTeX Warning: Reference `def:trans-est' on page 3 undefined on input line 167.



LaTeX Font Warning: Font shape `U/stmry/b/n' undefined
(Font)              using `U/stmry/m/n' instead on input line 173.


Overfull \hbox (21.15765pt too wide) in paragraph at lines 176--179
[]\OT1/cmr/bx/n/10 ($\OML/cmm/m/it/10 ^^O$\OT1/cmr/bx/n/10 -NFA). []\OT1/cmr/m/
it/10 Un au-toma a stati finiti non-deterministico con $\OML/cmm/m/it/10 ^^O$\O
T1/cmr/m/it/10 -transizioni
 []


LaTeX Font Warning: Font shape `OT1/cmss/m/it' in size <10> not available
(Font)              Font shape `OT1/cmss/m/sl' tried instead on input line 192.



Overfull \hbox (36.0502pt too wide) in paragraph at lines 199--201
[]\OT1/cmr/bx/n/10 (Funzione di tran-sizione es-tesa). []\OT1/cmr/m/it/10 Dato 
un $\OML/cmm/m/it/10 ^^O$\OT1/cmr/m/it/10 -NFA $\OMS/cmsy/m/n/10 A \OT1/cmr/m/n
/10 = (\OML/cmm/m/it/10 Q; ^^F; ^^N; q[]; F\OT1/cmr/m/n/10 )$
 []

[3]

LaTeX Warning: Reference `def:lang-acc2' on page 4 undefined on input line 204.



Overfull \hbox (11.1719pt too wide) in paragraph at lines 210--213
[]\OT1/cmr/bx/n/10 (Eliminazione delle $\OML/cmm/m/it/10 ^^O$\OT1/cmr/bx/n/10 -
transizioni). []\OT1/cmr/m/it/10 Sia $\OMS/cmsy/m/n/10 A \OT1/cmr/m/n/10 = (\OM
L/cmm/m/it/10 Q[]; ^^F; ^^N[]; q[]; F[]\OT1/cmr/m/n/10 )$
 []


LaTeX Warning: Reference `def:epselim' on page 4 undefined on input line 220.


LaTeX Warning: Reference `def:epselim' on page 4 undefined on input line 224.


LaTeX Warning: Reference `def:trans-est3' on page 4 undefined on input line 232
.


LaTeX Warning: Reference `def:epselim' on page 4 undefined on input line 234.


LaTeX Warning: Reference `def:trans-est' on page 4 undefined on input line 235.


[4]

LaTeX Warning: Reference `thm:det-non-det' on page 5 undefined on input line 25
2.


LaTeX Warning: Reference `thm:epselim' on page 5 undefined on input line 252.


LaTeX Warning: Reference `def:ling-reg' on page 5 undefined on input line 252.


LaTeX Warning: Reference `def:ling-reg' on page 5 undefined on input line 285.


Overfull \hbox (52.17584pt too wide) in paragraph at lines 287--290
\OMS/cmsy/m/n/10 B \OT1/cmr/m/n/10 = (\OML/cmm/m/it/10 Q[]; ^^F; ^^N[]; q[]; F[
]\OT1/cmr/m/n/10 )$ \OT1/cmr/m/it/10 due DFA. Defini-amo il DFA $\OMS/cmsy/m/n/
10 A ^^B B \OT1/cmr/m/n/10 = (\OML/cmm/m/it/10 Q[]; ^^F; ^^N[]; \OT1/cmr/m/n/10
 (\OML/cmm/m/it/10 q[]; q[]\OT1/cmr/m/n/10 )\OML/cmm/m/it/10 ; F[]\OT1/cmr/m/n/
10 )$
 []

[5]

LaTeX Warning: Reference `thm:prod-DFA' on page 6 undefined on input line 321.


LaTeX Warning: Reference `thm:compl-DFA' on page 6 undefined on input line 321.



Overfull \hbox (25.2203pt too wide) in paragraph at lines 328--331
\OT1/cmr/m/it/10 e $\OMS/cmsy/m/n/10 B \OT1/cmr/m/n/10 = (\OML/cmm/m/it/10 Q[];
 ^^F; ^^N[]; q[]; F[]\OT1/cmr/m/n/10 )$ \OT1/cmr/m/it/10 due $\OML/cmm/m/it/10 
^^O$\OT1/cmr/m/it/10 -NFA. Defini-amo l'$\OML/cmm/m/it/10 ^^O$\OT1/cmr/m/it/10 
-NFA $\OMS/cmsy/m/n/10 A ^^A B \OT1/cmr/m/n/10 = (\OML/cmm/m/it/10 Q[]; ^^F; ^^
N[]; q[]; F[]\OT1/cmr/m/n/10 )$
 []


Overfull \hbox (59.63747pt too wide) in paragraph at lines 332--344
[]$\OML/cmm/m/it/10 ^^N[]\OT1/cmr/m/n/10 (\OML/cmm/m/it/10 p; a\OT1/cmr/m/n/10 
) = []$  $\OML/cmm/m/it/10 ^^N[]\OT1/cmr/m/n/10 (\OML/cmm/m/it/10 p; ^^O\OT1/cm
r/m/n/10 ) = []$ 
 []

[6]

LaTeX Warning: Reference `thm:conc-eNFA' on page 7 undefined on input line 364.


[7]
Overfull \hbox (8.28613pt too wide) in paragraph at lines 421--422
[]\OT1/cmr/m/it/10 le costanti $\OML/cmm/m/it/10 ^^O$ \OT1/cmr/m/it/10 e $\OMS/
cmsy/m/n/10 ;$ \OT1/cmr/m/it/10 sono espres-sioni re-go-lari ed ogni el-e-mento
 di $\OML/cmm/m/it/10 ^^F$ \OT1/cmr/m/it/10 ^^Re un'espressione
 []


Underfull \hbox (badness 10000) in paragraph at lines 445--446

 []

<xymatrix 3x1 89> <xymatrix 3x1 48> <xymatrix 3x1 89>
Underfull \hbox (badness 10000) in paragraph at lines 453--469

 []


Underfull \hbox (badness 10000) in paragraph at lines 453--469

 []

<xymatrix 4x3 240> [8] <xymatrix 4x1 134> <xymatrix 3x1 154>

./2-lezione.tex:496: Package enumitem Error: (1) undefined.

See the enumitem package documentation for explanation.
Type  H <return>  for immediate help.
 ...                                              
                                                  
l.496 \begin{enumerate}[(1)]
                            
? 
./2-lezione.tex:496: Emergency stop.
 ...                                              
                                                  
l.496 \begin{enumerate}[(1)]
                            
Try typing  <return>  to proceed.
If that doesn't work, type  X <return>  to quit.

 
Here is how much of TeX's memory you used:
 6800 strings out of 493089
 81370 string characters out of 6134841
 195264 words of memory out of 5000000
 10098 multiletter control sequences out of 15000+600000
 23498 words of font info for 102 fonts, out of 8000000 for 9000
 1141 hyphenation exceptions out of 8191
 38i,14n,26p,514b,916s stack positions out of 5000i,500n,10000p,200000b,80000s
./2-lezione.tex:496:  ==> Fatal error occurred, no output PDF file produced!
